<?xml version="1.0" encoding="UTF-8"?>
<robot generator="Robot 6.0.2 (Python 3.11.3 on win32)" generated="20230510 23:57:08.085" rpa="false" schemaversion="3">
<suite id="s1" name="Preenchimento Correto" source="c:\Users\leona\OneDrive\Documentos\GitHub\Primeiros-Testes-Robot\curso-robot\testes\preenchimento_correto.robot">
<test id="s1-t1" name="Verificar se ao preencher corretamente o formulário os dados são inseridos corretamente na lista e se um novo card é criado no time escolhido" line="7">
<kw name="Dado que eu acesse o Organo" library="setup_teardown" type="SETUP">
<kw name="Open Browser" library="SeleniumLibrary">
<arg>url=http://localhost:3000/</arg>
<arg>browser=Chrome</arg>
<doc>Opens a new browser instance to the optional ``url``.</doc>
<msg timestamp="20230510 23:57:08.788" level="INFO">Opening browser 'Chrome' to base url 'http://localhost:3000/'.</msg>
<status status="PASS" starttime="20230510 23:57:08.788" endtime="20230510 23:57:10.461"/>
</kw>
<status status="PASS" starttime="20230510 23:57:08.787" endtime="20230510 23:57:10.461"/>
</kw>
<kw name="Dado que eu preencha os campos do formulário" library="cadastro_organo">
<kw name="First Name" library="FakerLibrary">
<var>${Nome}</var>
<msg timestamp="20230510 23:57:10.463" level="INFO">${Nome} = Luiz Otávio</msg>
<status status="PASS" starttime="20230510 23:57:10.463" endtime="20230510 23:57:10.464"/>
</kw>
<kw name="Input Text" library="SeleniumLibrary">
<arg>${CAMPO_NOME}</arg>
<arg>${Nome}</arg>
<doc>Types the given ``text`` into the text field identified by ``locator``.</doc>
<msg timestamp="20230510 23:57:10.466" level="INFO">Typing text 'Luiz Otávio' into text field 'id:form-nome'.</msg>
<status status="PASS" starttime="20230510 23:57:10.465" endtime="20230510 23:57:10.618"/>
</kw>
<kw name="Job" library="FakerLibrary">
<var>${Cargo}</var>
<msg timestamp="20230510 23:57:10.619" level="INFO">${Cargo} = Representante comercial</msg>
<status status="PASS" starttime="20230510 23:57:10.618" endtime="20230510 23:57:10.619"/>
</kw>
<kw name="Input Text" library="SeleniumLibrary">
<arg>${CAMPO_CARGO}</arg>
<arg>${Cargo}</arg>
<doc>Types the given ``text`` into the text field identified by ``locator``.</doc>
<msg timestamp="20230510 23:57:10.620" level="INFO">Typing text 'Representante comercial' into text field 'id:form-cargo'.</msg>
<status status="PASS" starttime="20230510 23:57:10.619" endtime="20230510 23:57:10.740"/>
</kw>
<kw name="Image Url" library="FakerLibrary">
<var>${Imagem}</var>
<arg>width=200</arg>
<arg>height=100</arg>
<doc>Returns URL to placeholder image
Example: http://placehold.it/640x480</doc>
<msg timestamp="20230510 23:57:10.741" level="INFO">${Imagem} = https://picsum.photos/200/100</msg>
<status status="PASS" starttime="20230510 23:57:10.740" endtime="20230510 23:57:10.742"/>
</kw>
<kw name="Input Text" library="SeleniumLibrary">
<arg>${CAMPO_IMAGEM}</arg>
<arg>${Imagem}</arg>
<doc>Types the given ``text`` into the text field identified by ``locator``.</doc>
<msg timestamp="20230510 23:57:10.742" level="INFO">Typing text 'https://picsum.photos/200/100' into text field 'id:form-imagem'.</msg>
<status status="PASS" starttime="20230510 23:57:10.742" endtime="20230510 23:57:10.847"/>
</kw>
<kw name="Click Element" library="SeleniumLibrary">
<arg>${CAMPO_TIME}</arg>
<doc>Click the element identified by ``locator``.</doc>
<msg timestamp="20230510 23:57:10.848" level="INFO">Clicking element 'class:lista-suspensa'.</msg>
<status status="PASS" starttime="20230510 23:57:10.848" endtime="20230510 23:57:10.902"/>
</kw>
<kw name="Click Element" library="SeleniumLibrary">
<arg>${selecionar_time}[0]</arg>
<doc>Click the element identified by ``locator``.</doc>
<msg timestamp="20230510 23:57:10.903" level="INFO">Clicking element '//option[contains(.,'Programação')]'.</msg>
<status status="PASS" starttime="20230510 23:57:10.902" endtime="20230510 23:57:10.942"/>
</kw>
<status status="PASS" starttime="20230510 23:57:10.462" endtime="20230510 23:57:10.942"/>
</kw>
<kw name="E clique no botão &quot;Criar Card&quot;" library="cadastro_organo">
<kw name="Click Element" library="SeleniumLibrary">
<arg>${BOTAO_CARD}</arg>
<doc>Click the element identified by ``locator``.</doc>
<msg timestamp="20230510 23:57:10.944" level="INFO">Clicking element 'id:form-botao'.</msg>
<status status="PASS" starttime="20230510 23:57:10.943" endtime="20230510 23:57:10.999"/>
</kw>
<status status="PASS" starttime="20230510 23:57:10.942" endtime="20230510 23:57:10.999"/>
</kw>
<kw name="Então identificar o card no time esperado" library="cadastro_organo">
<kw name="Element Should Be Visible" library="SeleniumLibrary">
<arg>class:colaborador</arg>
<doc>Verifies that the element identified by ``locator`` is visible.</doc>
<msg timestamp="20230510 23:57:11.023" level="INFO">Element 'class:colaborador' is displayed.</msg>
<status status="PASS" starttime="20230510 23:57:11.000" endtime="20230510 23:57:11.024"/>
</kw>
<status status="PASS" starttime="20230510 23:57:10.999" endtime="20230510 23:57:11.024"/>
</kw>
<kw name="Fechar o navegador" library="setup_teardown" type="TEARDOWN">
<kw name="Close Browser" library="SeleniumLibrary">
<doc>Closes the current browser.</doc>
<status status="PASS" starttime="20230510 23:57:11.025" endtime="20230510 23:57:13.132"/>
</kw>
<status status="PASS" starttime="20230510 23:57:11.025" endtime="20230510 23:57:13.132"/>
</kw>
<status status="PASS" starttime="20230510 23:57:08.785" endtime="20230510 23:57:13.133"/>
</test>
<test id="s1-t2" name="Verificar se é possivel criar mais de um card se preenchermos os campos corretamente" line="12">
<kw name="Dado que eu acesse o Organo" library="setup_teardown" type="SETUP">
<kw name="Open Browser" library="SeleniumLibrary">
<arg>url=http://localhost:3000/</arg>
<arg>browser=Chrome</arg>
<doc>Opens a new browser instance to the optional ``url``.</doc>
<msg timestamp="20230510 23:57:13.136" level="INFO">Opening browser 'Chrome' to base url 'http://localhost:3000/'.</msg>
<status status="PASS" starttime="20230510 23:57:13.136" endtime="20230510 23:57:14.807"/>
</kw>
<status status="PASS" starttime="20230510 23:57:13.135" endtime="20230510 23:57:14.807"/>
</kw>
<kw name="Dado que eu preencha os campos do formulário" library="cadastro_organo">
<kw name="First Name" library="FakerLibrary">
<var>${Nome}</var>
<msg timestamp="20230510 23:57:14.808" level="INFO">${Nome} = Alice</msg>
<status status="PASS" starttime="20230510 23:57:14.808" endtime="20230510 23:57:14.809"/>
</kw>
<kw name="Input Text" library="SeleniumLibrary">
<arg>${CAMPO_NOME}</arg>
<arg>${Nome}</arg>
<doc>Types the given ``text`` into the text field identified by ``locator``.</doc>
<msg timestamp="20230510 23:57:14.810" level="INFO">Typing text 'Alice' into text field 'id:form-nome'.</msg>
<status status="PASS" starttime="20230510 23:57:14.809" endtime="20230510 23:57:14.931"/>
</kw>
<kw name="Job" library="FakerLibrary">
<var>${Cargo}</var>
<msg timestamp="20230510 23:57:14.931" level="INFO">${Cargo} = Kite-surfer</msg>
<status status="PASS" starttime="20230510 23:57:14.931" endtime="20230510 23:57:14.932"/>
</kw>
<kw name="Input Text" library="SeleniumLibrary">
<arg>${CAMPO_CARGO}</arg>
<arg>${Cargo}</arg>
<doc>Types the given ``text`` into the text field identified by ``locator``.</doc>
<msg timestamp="20230510 23:57:14.932" level="INFO">Typing text 'Kite-surfer' into text field 'id:form-cargo'.</msg>
<status status="PASS" starttime="20230510 23:57:14.932" endtime="20230510 23:57:15.033"/>
</kw>
<kw name="Image Url" library="FakerLibrary">
<var>${Imagem}</var>
<arg>width=200</arg>
<arg>height=100</arg>
<doc>Returns URL to placeholder image
Example: http://placehold.it/640x480</doc>
<msg timestamp="20230510 23:57:15.034" level="INFO">${Imagem} = https://picsum.photos/200/100</msg>
<status status="PASS" starttime="20230510 23:57:15.034" endtime="20230510 23:57:15.035"/>
</kw>
<kw name="Input Text" library="SeleniumLibrary">
<arg>${CAMPO_IMAGEM}</arg>
<arg>${Imagem}</arg>
<doc>Types the given ``text`` into the text field identified by ``locator``.</doc>
<msg timestamp="20230510 23:57:15.035" level="INFO">Typing text 'https://picsum.photos/200/100' into text field 'id:form-imagem'.</msg>
<status status="PASS" starttime="20230510 23:57:15.035" endtime="20230510 23:57:15.148"/>
</kw>
<kw name="Click Element" library="SeleniumLibrary">
<arg>${CAMPO_TIME}</arg>
<doc>Click the element identified by ``locator``.</doc>
<msg timestamp="20230510 23:57:15.149" level="INFO">Clicking element 'class:lista-suspensa'.</msg>
<status status="PASS" starttime="20230510 23:57:15.149" endtime="20230510 23:57:15.205"/>
</kw>
<kw name="Click Element" library="SeleniumLibrary">
<arg>${selecionar_time}[0]</arg>
<doc>Click the element identified by ``locator``.</doc>
<msg timestamp="20230510 23:57:15.206" level="INFO">Clicking element '//option[contains(.,'Programação')]'.</msg>
<status status="PASS" starttime="20230510 23:57:15.205" endtime="20230510 23:57:15.253"/>
</kw>
<status status="PASS" starttime="20230510 23:57:14.807" endtime="20230510 23:57:15.253"/>
</kw>
<kw name="E clique no botão &quot;Criar Card&quot;" library="cadastro_organo">
<kw name="Click Element" library="SeleniumLibrary">
<arg>${BOTAO_CARD}</arg>
<doc>Click the element identified by ``locator``.</doc>
<msg timestamp="20230510 23:57:15.255" level="INFO">Clicking element 'id:form-botao'.</msg>
<status status="PASS" starttime="20230510 23:57:15.255" endtime="20230510 23:57:15.309"/>
</kw>
<status status="PASS" starttime="20230510 23:57:15.254" endtime="20230510 23:57:15.309"/>
</kw>
<kw name="Então identificar 3 cards no time esperado" library="cadastro_organo">
<for flavor="IN RANGE">
<var>${i}</var>
<value>1</value>
<value>3</value>
<iter>
<var name="${i}">1</var>
<kw name="Dado que eu preencha os campos do formulário" library="cadastro_organo">
<kw name="First Name" library="FakerLibrary">
<var>${Nome}</var>
<msg timestamp="20230510 23:57:15.312" level="INFO">${Nome} = Vicente</msg>
<status status="PASS" starttime="20230510 23:57:15.311" endtime="20230510 23:57:15.312"/>
</kw>
<kw name="Input Text" library="SeleniumLibrary">
<arg>${CAMPO_NOME}</arg>
<arg>${Nome}</arg>
<doc>Types the given ``text`` into the text field identified by ``locator``.</doc>
<msg timestamp="20230510 23:57:15.312" level="INFO">Typing text 'Vicente' into text field 'id:form-nome'.</msg>
<status status="PASS" starttime="20230510 23:57:15.312" endtime="20230510 23:57:15.390"/>
</kw>
<kw name="Job" library="FakerLibrary">
<var>${Cargo}</var>
<msg timestamp="20230510 23:57:15.390" level="INFO">${Cargo} = Fisioterapeuta</msg>
<status status="PASS" starttime="20230510 23:57:15.390" endtime="20230510 23:57:15.391"/>
</kw>
<kw name="Input Text" library="SeleniumLibrary">
<arg>${CAMPO_CARGO}</arg>
<arg>${Cargo}</arg>
<doc>Types the given ``text`` into the text field identified by ``locator``.</doc>
<msg timestamp="20230510 23:57:15.392" level="INFO">Typing text 'Fisioterapeuta' into text field 'id:form-cargo'.</msg>
<status status="PASS" starttime="20230510 23:57:15.391" endtime="20230510 23:57:15.469"/>
</kw>
<kw name="Image Url" library="FakerLibrary">
<var>${Imagem}</var>
<arg>width=200</arg>
<arg>height=100</arg>
<doc>Returns URL to placeholder image
Example: http://placehold.it/640x480</doc>
<msg timestamp="20230510 23:57:15.471" level="INFO">${Imagem} = https://dummyimage.com/200x100</msg>
<status status="PASS" starttime="20230510 23:57:15.469" endtime="20230510 23:57:15.471"/>
</kw>
<kw name="Input Text" library="SeleniumLibrary">
<arg>${CAMPO_IMAGEM}</arg>
<arg>${Imagem}</arg>
<doc>Types the given ``text`` into the text field identified by ``locator``.</doc>
<msg timestamp="20230510 23:57:15.471" level="INFO">Typing text 'https://dummyimage.com/200x100' into text field 'id:form-imagem'.</msg>
<status status="PASS" starttime="20230510 23:57:15.471" endtime="20230510 23:57:15.571"/>
</kw>
<kw name="Click Element" library="SeleniumLibrary">
<arg>${CAMPO_TIME}</arg>
<doc>Click the element identified by ``locator``.</doc>
<msg timestamp="20230510 23:57:15.571" level="INFO">Clicking element 'class:lista-suspensa'.</msg>
<status status="PASS" starttime="20230510 23:57:15.571" endtime="20230510 23:57:15.617"/>
</kw>
<kw name="Click Element" library="SeleniumLibrary">
<arg>${selecionar_time}[0]</arg>
<doc>Click the element identified by ``locator``.</doc>
<msg timestamp="20230510 23:57:15.619" level="INFO">Clicking element '//option[contains(.,'Programação')]'.</msg>
<status status="PASS" starttime="20230510 23:57:15.618" endtime="20230510 23:57:15.642"/>
</kw>
<status status="PASS" starttime="20230510 23:57:15.311" endtime="20230510 23:57:15.643"/>
</kw>
<kw name="E clique no botão &quot;Criar Card&quot;" library="cadastro_organo">
<kw name="Click Element" library="SeleniumLibrary">
<arg>${BOTAO_CARD}</arg>
<doc>Click the element identified by ``locator``.</doc>
<msg timestamp="20230510 23:57:15.644" level="INFO">Clicking element 'id:form-botao'.</msg>
<status status="PASS" starttime="20230510 23:57:15.643" endtime="20230510 23:57:15.690"/>
</kw>
<status status="PASS" starttime="20230510 23:57:15.643" endtime="20230510 23:57:15.690"/>
</kw>
<status status="PASS" starttime="20230510 23:57:15.311" endtime="20230510 23:57:15.690"/>
</iter>
<iter>
<var name="${i}">2</var>
<kw name="Dado que eu preencha os campos do formulário" library="cadastro_organo">
<kw name="First Name" library="FakerLibrary">
<var>${Nome}</var>
<msg timestamp="20230510 23:57:15.691" level="INFO">${Nome} = Luiza</msg>
<status status="PASS" starttime="20230510 23:57:15.691" endtime="20230510 23:57:15.691"/>
</kw>
<kw name="Input Text" library="SeleniumLibrary">
<arg>${CAMPO_NOME}</arg>
<arg>${Nome}</arg>
<doc>Types the given ``text`` into the text field identified by ``locator``.</doc>
<msg timestamp="20230510 23:57:15.692" level="INFO">Typing text 'Luiza' into text field 'id:form-nome'.</msg>
<status status="PASS" starttime="20230510 23:57:15.692" endtime="20230510 23:57:15.758"/>
</kw>
<kw name="Job" library="FakerLibrary">
<var>${Cargo}</var>
<msg timestamp="20230510 23:57:15.758" level="INFO">${Cargo} = Panfleteiro</msg>
<status status="PASS" starttime="20230510 23:57:15.758" endtime="20230510 23:57:15.759"/>
</kw>
<kw name="Input Text" library="SeleniumLibrary">
<arg>${CAMPO_CARGO}</arg>
<arg>${Cargo}</arg>
<doc>Types the given ``text`` into the text field identified by ``locator``.</doc>
<msg timestamp="20230510 23:57:15.759" level="INFO">Typing text 'Panfleteiro' into text field 'id:form-cargo'.</msg>
<status status="PASS" starttime="20230510 23:57:15.759" endtime="20230510 23:57:15.829"/>
</kw>
<kw name="Image Url" library="FakerLibrary">
<var>${Imagem}</var>
<arg>width=200</arg>
<arg>height=100</arg>
<doc>Returns URL to placeholder image
Example: http://placehold.it/640x480</doc>
<msg timestamp="20230510 23:57:15.831" level="INFO">${Imagem} = https://dummyimage.com/200x100</msg>
<status status="PASS" starttime="20230510 23:57:15.830" endtime="20230510 23:57:15.831"/>
</kw>
<kw name="Input Text" library="SeleniumLibrary">
<arg>${CAMPO_IMAGEM}</arg>
<arg>${Imagem}</arg>
<doc>Types the given ``text`` into the text field identified by ``locator``.</doc>
<msg timestamp="20230510 23:57:15.832" level="INFO">Typing text 'https://dummyimage.com/200x100' into text field 'id:form-imagem'.</msg>
<status status="PASS" starttime="20230510 23:57:15.831" endtime="20230510 23:57:15.928"/>
</kw>
<kw name="Click Element" library="SeleniumLibrary">
<arg>${CAMPO_TIME}</arg>
<doc>Click the element identified by ``locator``.</doc>
<msg timestamp="20230510 23:57:15.929" level="INFO">Clicking element 'class:lista-suspensa'.</msg>
<status status="PASS" starttime="20230510 23:57:15.928" endtime="20230510 23:57:15.971"/>
</kw>
<kw name="Click Element" library="SeleniumLibrary">
<arg>${selecionar_time}[0]</arg>
<doc>Click the element identified by ``locator``.</doc>
<msg timestamp="20230510 23:57:15.972" level="INFO">Clicking element '//option[contains(.,'Programação')]'.</msg>
<status status="PASS" starttime="20230510 23:57:15.972" endtime="20230510 23:57:15.996"/>
</kw>
<status status="PASS" starttime="20230510 23:57:15.691" endtime="20230510 23:57:15.996"/>
</kw>
<kw name="E clique no botão &quot;Criar Card&quot;" library="cadastro_organo">
<kw name="Click Element" library="SeleniumLibrary">
<arg>${BOTAO_CARD}</arg>
<doc>Click the element identified by ``locator``.</doc>
<msg timestamp="20230510 23:57:15.997" level="INFO">Clicking element 'id:form-botao'.</msg>
<status status="PASS" starttime="20230510 23:57:15.997" endtime="20230510 23:57:16.033"/>
</kw>
<status status="PASS" starttime="20230510 23:57:15.996" endtime="20230510 23:57:16.033"/>
</kw>
<status status="PASS" starttime="20230510 23:57:15.690" endtime="20230510 23:57:16.034"/>
</iter>
<status status="PASS" starttime="20230510 23:57:15.310" endtime="20230510 23:57:16.034"/>
</for>
<kw name="Sleep" library="BuiltIn">
<arg>10s</arg>
<doc>Pauses the test executed for the given time.</doc>
<msg timestamp="20230510 23:57:26.034" level="INFO">Slept 10 seconds</msg>
<status status="PASS" starttime="20230510 23:57:16.034" endtime="20230510 23:57:26.034"/>
</kw>
<status status="PASS" starttime="20230510 23:57:15.310" endtime="20230510 23:57:26.035"/>
</kw>
<kw name="Fechar o navegador" library="setup_teardown" type="TEARDOWN">
<kw name="Close Browser" library="SeleniumLibrary">
<doc>Closes the current browser.</doc>
<status status="PASS" starttime="20230510 23:57:26.036" endtime="20230510 23:57:28.172"/>
</kw>
<status status="PASS" starttime="20230510 23:57:26.036" endtime="20230510 23:57:28.173"/>
</kw>
<status status="PASS" starttime="20230510 23:57:13.134" endtime="20230510 23:57:28.174"/>
</test>
<test id="s1-t3" name="Verificar se é possível criar um card para cada time se preenchermos os campos corretamente" line="17">
<kw name="Dado que eu acesse o Organo" library="setup_teardown" type="SETUP">
<kw name="Open Browser" library="SeleniumLibrary">
<arg>url=http://localhost:3000/</arg>
<arg>browser=Chrome</arg>
<doc>Opens a new browser instance to the optional ``url``.</doc>
<msg timestamp="20230510 23:57:28.181" level="INFO">Opening browser 'Chrome' to base url 'http://localhost:3000/'.</msg>
<status status="PASS" starttime="20230510 23:57:28.179" endtime="20230510 23:57:29.823"/>
</kw>
<status status="PASS" starttime="20230510 23:57:28.178" endtime="20230510 23:57:29.824"/>
</kw>
<kw name="Dado que eu preencha os campos do formulário" library="cadastro_organo">
<kw name="First Name" library="FakerLibrary">
<var>${Nome}</var>
<msg timestamp="20230510 23:57:29.826" level="INFO">${Nome} = Pedro Lucas</msg>
<status status="PASS" starttime="20230510 23:57:29.825" endtime="20230510 23:57:29.826"/>
</kw>
<kw name="Input Text" library="SeleniumLibrary">
<arg>${CAMPO_NOME}</arg>
<arg>${Nome}</arg>
<doc>Types the given ``text`` into the text field identified by ``locator``.</doc>
<msg timestamp="20230510 23:57:29.827" level="INFO">Typing text 'Pedro Lucas' into text field 'id:form-nome'.</msg>
<status status="PASS" starttime="20230510 23:57:29.826" endtime="20230510 23:57:29.957"/>
</kw>
<kw name="Job" library="FakerLibrary">
<var>${Cargo}</var>
<msg timestamp="20230510 23:57:29.958" level="INFO">${Cargo} = Geradorista</msg>
<status status="PASS" starttime="20230510 23:57:29.958" endtime="20230510 23:57:29.958"/>
</kw>
<kw name="Input Text" library="SeleniumLibrary">
<arg>${CAMPO_CARGO}</arg>
<arg>${Cargo}</arg>
<doc>Types the given ``text`` into the text field identified by ``locator``.</doc>
<msg timestamp="20230510 23:57:29.959" level="INFO">Typing text 'Geradorista' into text field 'id:form-cargo'.</msg>
<status status="PASS" starttime="20230510 23:57:29.958" endtime="20230510 23:57:30.056"/>
</kw>
<kw name="Image Url" library="FakerLibrary">
<var>${Imagem}</var>
<arg>width=200</arg>
<arg>height=100</arg>
<doc>Returns URL to placeholder image
Example: http://placehold.it/640x480</doc>
<msg timestamp="20230510 23:57:30.057" level="INFO">${Imagem} = https://dummyimage.com/200x100</msg>
<status status="PASS" starttime="20230510 23:57:30.056" endtime="20230510 23:57:30.057"/>
</kw>
<kw name="Input Text" library="SeleniumLibrary">
<arg>${CAMPO_IMAGEM}</arg>
<arg>${Imagem}</arg>
<doc>Types the given ``text`` into the text field identified by ``locator``.</doc>
<msg timestamp="20230510 23:57:30.058" level="INFO">Typing text 'https://dummyimage.com/200x100' into text field 'id:form-imagem'.</msg>
<status status="PASS" starttime="20230510 23:57:30.057" endtime="20230510 23:57:30.177"/>
</kw>
<kw name="Click Element" library="SeleniumLibrary">
<arg>${CAMPO_TIME}</arg>
<doc>Click the element identified by ``locator``.</doc>
<msg timestamp="20230510 23:57:30.178" level="INFO">Clicking element 'class:lista-suspensa'.</msg>
<status status="PASS" starttime="20230510 23:57:30.178" endtime="20230510 23:57:30.233"/>
</kw>
<kw name="Click Element" library="SeleniumLibrary">
<arg>${selecionar_time}[0]</arg>
<doc>Click the element identified by ``locator``.</doc>
<msg timestamp="20230510 23:57:30.235" level="INFO">Clicking element '//option[contains(.,'Programação')]'.</msg>
<status status="PASS" starttime="20230510 23:57:30.234" endtime="20230510 23:57:30.271"/>
</kw>
<status status="PASS" starttime="20230510 23:57:29.824" endtime="20230510 23:57:30.272"/>
</kw>
<kw name="Então criar card e identificar 1 card em cada time disponível" library="cadastro_organo">
<for flavor="IN ENUMERATE">
<var>${indice}</var>
<var>${time}</var>
<value>@{selecionar_time}</value>
<iter>
<var name="${indice}">0</var>
<var name="${time}">//option[contains(.,'Programação')]</var>
<kw name="Dado que eu preencha os campos do formulário" library="cadastro_organo">
<kw name="First Name" library="FakerLibrary">
<var>${Nome}</var>
<msg timestamp="20230510 23:57:30.274" level="INFO">${Nome} = Carolina</msg>
<status status="PASS" starttime="20230510 23:57:30.274" endtime="20230510 23:57:30.274"/>
</kw>
<kw name="Input Text" library="SeleniumLibrary">
<arg>${CAMPO_NOME}</arg>
<arg>${Nome}</arg>
<doc>Types the given ``text`` into the text field identified by ``locator``.</doc>
<msg timestamp="20230510 23:57:30.275" level="INFO">Typing text 'Carolina' into text field 'id:form-nome'.</msg>
<status status="PASS" starttime="20230510 23:57:30.274" endtime="20230510 23:57:30.356"/>
</kw>
<kw name="Job" library="FakerLibrary">
<var>${Cargo}</var>
<msg timestamp="20230510 23:57:30.357" level="INFO">${Cargo} = Supervisor</msg>
<status status="PASS" starttime="20230510 23:57:30.356" endtime="20230510 23:57:30.357"/>
</kw>
<kw name="Input Text" library="SeleniumLibrary">
<arg>${CAMPO_CARGO}</arg>
<arg>${Cargo}</arg>
<doc>Types the given ``text`` into the text field identified by ``locator``.</doc>
<msg timestamp="20230510 23:57:30.358" level="INFO">Typing text 'Supervisor' into text field 'id:form-cargo'.</msg>
<status status="PASS" starttime="20230510 23:57:30.357" endtime="20230510 23:57:30.430"/>
</kw>
<kw name="Image Url" library="FakerLibrary">
<var>${Imagem}</var>
<arg>width=200</arg>
<arg>height=100</arg>
<doc>Returns URL to placeholder image
Example: http://placehold.it/640x480</doc>
<msg timestamp="20230510 23:57:30.431" level="INFO">${Imagem} = https://placekitten.com/200/100</msg>
<status status="PASS" starttime="20230510 23:57:30.431" endtime="20230510 23:57:30.432"/>
</kw>
<kw name="Input Text" library="SeleniumLibrary">
<arg>${CAMPO_IMAGEM}</arg>
<arg>${Imagem}</arg>
<doc>Types the given ``text`` into the text field identified by ``locator``.</doc>
<msg timestamp="20230510 23:57:30.432" level="INFO">Typing text 'https://placekitten.com/200/100' into text field 'id:form-imagem'.</msg>
<status status="PASS" starttime="20230510 23:57:30.432" endtime="20230510 23:57:30.531"/>
</kw>
<kw name="Click Element" library="SeleniumLibrary">
<arg>${CAMPO_TIME}</arg>
<doc>Click the element identified by ``locator``.</doc>
<msg timestamp="20230510 23:57:30.532" level="INFO">Clicking element 'class:lista-suspensa'.</msg>
<status status="PASS" starttime="20230510 23:57:30.532" endtime="20230510 23:57:30.581"/>
</kw>
<kw name="Click Element" library="SeleniumLibrary">
<arg>${selecionar_time}[0]</arg>
<doc>Click the element identified by ``locator``.</doc>
<msg timestamp="20230510 23:57:30.582" level="INFO">Clicking element '//option[contains(.,'Programação')]'.</msg>
<status status="PASS" starttime="20230510 23:57:30.581" endtime="20230510 23:57:30.605"/>
</kw>
<status status="PASS" starttime="20230510 23:57:30.273" endtime="20230510 23:57:30.605"/>
</kw>
<kw name="Click Element" library="SeleniumLibrary">
<arg>${time}</arg>
<doc>Click the element identified by ``locator``.</doc>
<msg timestamp="20230510 23:57:30.606" level="INFO">Clicking element '//option[contains(.,'Programação')]'.</msg>
<status status="PASS" starttime="20230510 23:57:30.606" endtime="20230510 23:57:30.625"/>
</kw>
<kw name="E clique no botão &quot;Criar Card&quot;" library="cadastro_organo">
<kw name="Click Element" library="SeleniumLibrary">
<arg>${BOTAO_CARD}</arg>
<doc>Click the element identified by ``locator``.</doc>
<msg timestamp="20230510 23:57:30.626" level="INFO">Clicking element 'id:form-botao'.</msg>
<status status="PASS" starttime="20230510 23:57:30.625" endtime="20230510 23:57:30.683"/>
</kw>
<status status="PASS" starttime="20230510 23:57:30.625" endtime="20230510 23:57:30.683"/>
</kw>
<status status="PASS" starttime="20230510 23:57:30.273" endtime="20230510 23:57:30.683"/>
</iter>
<iter>
<var name="${indice}">1</var>
<var name="${time}">//option[contains(.,'Front-End')]</var>
<kw name="Dado que eu preencha os campos do formulário" library="cadastro_organo">
<kw name="First Name" library="FakerLibrary">
<var>${Nome}</var>
<msg timestamp="20230510 23:57:30.685" level="INFO">${Nome} = Mirella</msg>
<status status="PASS" starttime="20230510 23:57:30.685" endtime="20230510 23:57:30.685"/>
</kw>
<kw name="Input Text" library="SeleniumLibrary">
<arg>${CAMPO_NOME}</arg>
<arg>${Nome}</arg>
<doc>Types the given ``text`` into the text field identified by ``locator``.</doc>
<msg timestamp="20230510 23:57:30.686" level="INFO">Typing text 'Mirella' into text field 'id:form-nome'.</msg>
<status status="PASS" starttime="20230510 23:57:30.685" endtime="20230510 23:57:30.753"/>
</kw>
<kw name="Job" library="FakerLibrary">
<var>${Cargo}</var>
<msg timestamp="20230510 23:57:30.754" level="INFO">${Cargo} = Moldureiro</msg>
<status status="PASS" starttime="20230510 23:57:30.753" endtime="20230510 23:57:30.754"/>
</kw>
<kw name="Input Text" library="SeleniumLibrary">
<arg>${CAMPO_CARGO}</arg>
<arg>${Cargo}</arg>
<doc>Types the given ``text`` into the text field identified by ``locator``.</doc>
<msg timestamp="20230510 23:57:30.755" level="INFO">Typing text 'Moldureiro' into text field 'id:form-cargo'.</msg>
<status status="PASS" starttime="20230510 23:57:30.754" endtime="20230510 23:57:30.832"/>
</kw>
<kw name="Image Url" library="FakerLibrary">
<var>${Imagem}</var>
<arg>width=200</arg>
<arg>height=100</arg>
<doc>Returns URL to placeholder image
Example: http://placehold.it/640x480</doc>
<msg timestamp="20230510 23:57:30.833" level="INFO">${Imagem} = https://placekitten.com/200/100</msg>
<status status="PASS" starttime="20230510 23:57:30.832" endtime="20230510 23:57:30.834"/>
</kw>
<kw name="Input Text" library="SeleniumLibrary">
<arg>${CAMPO_IMAGEM}</arg>
<arg>${Imagem}</arg>
<doc>Types the given ``text`` into the text field identified by ``locator``.</doc>
<msg timestamp="20230510 23:57:30.835" level="INFO">Typing text 'https://placekitten.com/200/100' into text field 'id:form-imagem'.</msg>
<status status="PASS" starttime="20230510 23:57:30.834" endtime="20230510 23:57:30.929"/>
</kw>
<kw name="Click Element" library="SeleniumLibrary">
<arg>${CAMPO_TIME}</arg>
<doc>Click the element identified by ``locator``.</doc>
<msg timestamp="20230510 23:57:30.930" level="INFO">Clicking element 'class:lista-suspensa'.</msg>
<status status="PASS" starttime="20230510 23:57:30.929" endtime="20230510 23:57:30.977"/>
</kw>
<kw name="Click Element" library="SeleniumLibrary">
<arg>${selecionar_time}[0]</arg>
<doc>Click the element identified by ``locator``.</doc>
<msg timestamp="20230510 23:57:30.978" level="INFO">Clicking element '//option[contains(.,'Programação')]'.</msg>
<status status="PASS" starttime="20230510 23:57:30.977" endtime="20230510 23:57:31.003"/>
</kw>
<status status="PASS" starttime="20230510 23:57:30.684" endtime="20230510 23:57:31.003"/>
</kw>
<kw name="Click Element" library="SeleniumLibrary">
<arg>${time}</arg>
<doc>Click the element identified by ``locator``.</doc>
<msg timestamp="20230510 23:57:31.004" level="INFO">Clicking element '//option[contains(.,'Front-End')]'.</msg>
<status status="PASS" starttime="20230510 23:57:31.003" endtime="20230510 23:57:31.028"/>
</kw>
<kw name="E clique no botão &quot;Criar Card&quot;" library="cadastro_organo">
<kw name="Click Element" library="SeleniumLibrary">
<arg>${BOTAO_CARD}</arg>
<doc>Click the element identified by ``locator``.</doc>
<msg timestamp="20230510 23:57:31.029" level="INFO">Clicking element 'id:form-botao'.</msg>
<status status="PASS" starttime="20230510 23:57:31.029" endtime="20230510 23:57:31.073"/>
</kw>
<status status="PASS" starttime="20230510 23:57:31.029" endtime="20230510 23:57:31.073"/>
</kw>
<status status="PASS" starttime="20230510 23:57:30.684" endtime="20230510 23:57:31.073"/>
</iter>
<iter>
<var name="${indice}">2</var>
<var name="${time}">//option[contains(.,'Data Science')]</var>
<kw name="Dado que eu preencha os campos do formulário" library="cadastro_organo">
<kw name="First Name" library="FakerLibrary">
<var>${Nome}</var>
<msg timestamp="20230510 23:57:31.074" level="INFO">${Nome} = Maysa</msg>
<status status="PASS" starttime="20230510 23:57:31.074" endtime="20230510 23:57:31.074"/>
</kw>
<kw name="Input Text" library="SeleniumLibrary">
<arg>${CAMPO_NOME}</arg>
<arg>${Nome}</arg>
<doc>Types the given ``text`` into the text field identified by ``locator``.</doc>
<msg timestamp="20230510 23:57:31.075" level="INFO">Typing text 'Maysa' into text field 'id:form-nome'.</msg>
<status status="PASS" starttime="20230510 23:57:31.075" endtime="20230510 23:57:31.140"/>
</kw>
<kw name="Job" library="FakerLibrary">
<var>${Cargo}</var>
<msg timestamp="20230510 23:57:31.141" level="INFO">${Cargo} = Físico</msg>
<status status="PASS" starttime="20230510 23:57:31.141" endtime="20230510 23:57:31.141"/>
</kw>
<kw name="Input Text" library="SeleniumLibrary">
<arg>${CAMPO_CARGO}</arg>
<arg>${Cargo}</arg>
<doc>Types the given ``text`` into the text field identified by ``locator``.</doc>
<msg timestamp="20230510 23:57:31.142" level="INFO">Typing text 'Físico' into text field 'id:form-cargo'.</msg>
<status status="PASS" starttime="20230510 23:57:31.141" endtime="20230510 23:57:31.208"/>
</kw>
<kw name="Image Url" library="FakerLibrary">
<var>${Imagem}</var>
<arg>width=200</arg>
<arg>height=100</arg>
<doc>Returns URL to placeholder image
Example: http://placehold.it/640x480</doc>
<msg timestamp="20230510 23:57:31.209" level="INFO">${Imagem} = https://placekitten.com/200/100</msg>
<status status="PASS" starttime="20230510 23:57:31.208" endtime="20230510 23:57:31.209"/>
</kw>
<kw name="Input Text" library="SeleniumLibrary">
<arg>${CAMPO_IMAGEM}</arg>
<arg>${Imagem}</arg>
<doc>Types the given ``text`` into the text field identified by ``locator``.</doc>
<msg timestamp="20230510 23:57:31.210" level="INFO">Typing text 'https://placekitten.com/200/100' into text field 'id:form-imagem'.</msg>
<status status="PASS" starttime="20230510 23:57:31.209" endtime="20230510 23:57:31.305"/>
</kw>
<kw name="Click Element" library="SeleniumLibrary">
<arg>${CAMPO_TIME}</arg>
<doc>Click the element identified by ``locator``.</doc>
<msg timestamp="20230510 23:57:31.306" level="INFO">Clicking element 'class:lista-suspensa'.</msg>
<status status="PASS" starttime="20230510 23:57:31.305" endtime="20230510 23:57:31.349"/>
</kw>
<kw name="Click Element" library="SeleniumLibrary">
<arg>${selecionar_time}[0]</arg>
<doc>Click the element identified by ``locator``.</doc>
<msg timestamp="20230510 23:57:31.351" level="INFO">Clicking element '//option[contains(.,'Programação')]'.</msg>
<status status="PASS" starttime="20230510 23:57:31.350" endtime="20230510 23:57:31.373"/>
</kw>
<status status="PASS" starttime="20230510 23:57:31.074" endtime="20230510 23:57:31.373"/>
</kw>
<kw name="Click Element" library="SeleniumLibrary">
<arg>${time}</arg>
<doc>Click the element identified by ``locator``.</doc>
<msg timestamp="20230510 23:57:31.374" level="INFO">Clicking element '//option[contains(.,'Data Science')]'.</msg>
<status status="PASS" starttime="20230510 23:57:31.374" endtime="20230510 23:57:31.399"/>
</kw>
<kw name="E clique no botão &quot;Criar Card&quot;" library="cadastro_organo">
<kw name="Click Element" library="SeleniumLibrary">
<arg>${BOTAO_CARD}</arg>
<doc>Click the element identified by ``locator``.</doc>
<msg timestamp="20230510 23:57:31.401" level="INFO">Clicking element 'id:form-botao'.</msg>
<status status="PASS" starttime="20230510 23:57:31.400" endtime="20230510 23:57:31.442"/>
</kw>
<status status="PASS" starttime="20230510 23:57:31.399" endtime="20230510 23:57:31.443"/>
</kw>
<status status="PASS" starttime="20230510 23:57:31.073" endtime="20230510 23:57:31.443"/>
</iter>
<iter>
<var name="${indice}">3</var>
<var name="${time}">//option[contains(.,'Devops')]</var>
<kw name="Dado que eu preencha os campos do formulário" library="cadastro_organo">
<kw name="First Name" library="FakerLibrary">
<var>${Nome}</var>
<msg timestamp="20230510 23:57:31.444" level="INFO">${Nome} = Marcos Vinicius</msg>
<status status="PASS" starttime="20230510 23:57:31.444" endtime="20230510 23:57:31.444"/>
</kw>
<kw name="Input Text" library="SeleniumLibrary">
<arg>${CAMPO_NOME}</arg>
<arg>${Nome}</arg>
<doc>Types the given ``text`` into the text field identified by ``locator``.</doc>
<msg timestamp="20230510 23:57:31.445" level="INFO">Typing text 'Marcos Vinicius' into text field 'id:form-nome'.</msg>
<status status="PASS" starttime="20230510 23:57:31.444" endtime="20230510 23:57:31.521"/>
</kw>
<kw name="Job" library="FakerLibrary">
<var>${Cargo}</var>
<msg timestamp="20230510 23:57:31.522" level="INFO">${Cargo} = Surfista</msg>
<status status="PASS" starttime="20230510 23:57:31.521" endtime="20230510 23:57:31.522"/>
</kw>
<kw name="Input Text" library="SeleniumLibrary">
<arg>${CAMPO_CARGO}</arg>
<arg>${Cargo}</arg>
<doc>Types the given ``text`` into the text field identified by ``locator``.</doc>
<msg timestamp="20230510 23:57:31.522" level="INFO">Typing text 'Surfista' into text field 'id:form-cargo'.</msg>
<status status="PASS" starttime="20230510 23:57:31.522" endtime="20230510 23:57:31.589"/>
</kw>
<kw name="Image Url" library="FakerLibrary">
<var>${Imagem}</var>
<arg>width=200</arg>
<arg>height=100</arg>
<doc>Returns URL to placeholder image
Example: http://placehold.it/640x480</doc>
<msg timestamp="20230510 23:57:31.590" level="INFO">${Imagem} = https://placekitten.com/200/100</msg>
<status status="PASS" starttime="20230510 23:57:31.589" endtime="20230510 23:57:31.590"/>
</kw>
<kw name="Input Text" library="SeleniumLibrary">
<arg>${CAMPO_IMAGEM}</arg>
<arg>${Imagem}</arg>
<doc>Types the given ``text`` into the text field identified by ``locator``.</doc>
<msg timestamp="20230510 23:57:31.591" level="INFO">Typing text 'https://placekitten.com/200/100' into text field 'id:form-imagem'.</msg>
<status status="PASS" starttime="20230510 23:57:31.590" endtime="20230510 23:57:31.679"/>
</kw>
<kw name="Click Element" library="SeleniumLibrary">
<arg>${CAMPO_TIME}</arg>
<doc>Click the element identified by ``locator``.</doc>
<msg timestamp="20230510 23:57:31.680" level="INFO">Clicking element 'class:lista-suspensa'.</msg>
<status status="PASS" starttime="20230510 23:57:31.679" endtime="20230510 23:57:31.724"/>
</kw>
<kw name="Click Element" library="SeleniumLibrary">
<arg>${selecionar_time}[0]</arg>
<doc>Click the element identified by ``locator``.</doc>
<msg timestamp="20230510 23:57:31.724" level="INFO">Clicking element '//option[contains(.,'Programação')]'.</msg>
<status status="PASS" starttime="20230510 23:57:31.724" endtime="20230510 23:57:31.748"/>
</kw>
<status status="PASS" starttime="20230510 23:57:31.443" endtime="20230510 23:57:31.748"/>
</kw>
<kw name="Click Element" library="SeleniumLibrary">
<arg>${time}</arg>
<doc>Click the element identified by ``locator``.</doc>
<msg timestamp="20230510 23:57:31.750" level="INFO">Clicking element '//option[contains(.,'Devops')]'.</msg>
<status status="PASS" starttime="20230510 23:57:31.749" endtime="20230510 23:57:31.776"/>
</kw>
<kw name="E clique no botão &quot;Criar Card&quot;" library="cadastro_organo">
<kw name="Click Element" library="SeleniumLibrary">
<arg>${BOTAO_CARD}</arg>
<doc>Click the element identified by ``locator``.</doc>
<msg timestamp="20230510 23:57:31.778" level="INFO">Clicking element 'id:form-botao'.</msg>
<status status="PASS" starttime="20230510 23:57:31.777" endtime="20230510 23:57:31.819"/>
</kw>
<status status="PASS" starttime="20230510 23:57:31.777" endtime="20230510 23:57:31.819"/>
</kw>
<status status="PASS" starttime="20230510 23:57:31.443" endtime="20230510 23:57:31.819"/>
</iter>
<iter>
<var name="${indice}">4</var>
<var name="${time}">//option[contains(.,'UX e Design')]</var>
<kw name="Dado que eu preencha os campos do formulário" library="cadastro_organo">
<kw name="First Name" library="FakerLibrary">
<var>${Nome}</var>
<msg timestamp="20230510 23:57:31.820" level="INFO">${Nome} = Antônio</msg>
<status status="PASS" starttime="20230510 23:57:31.820" endtime="20230510 23:57:31.820"/>
</kw>
<kw name="Input Text" library="SeleniumLibrary">
<arg>${CAMPO_NOME}</arg>
<arg>${Nome}</arg>
<doc>Types the given ``text`` into the text field identified by ``locator``.</doc>
<msg timestamp="20230510 23:57:31.821" level="INFO">Typing text 'Antônio' into text field 'id:form-nome'.</msg>
<status status="PASS" starttime="20230510 23:57:31.821" endtime="20230510 23:57:31.887"/>
</kw>
<kw name="Job" library="FakerLibrary">
<var>${Cargo}</var>
<msg timestamp="20230510 23:57:31.888" level="INFO">${Cargo} = Diretor de produção</msg>
<status status="PASS" starttime="20230510 23:57:31.888" endtime="20230510 23:57:31.888"/>
</kw>
<kw name="Input Text" library="SeleniumLibrary">
<arg>${CAMPO_CARGO}</arg>
<arg>${Cargo}</arg>
<doc>Types the given ``text`` into the text field identified by ``locator``.</doc>
<msg timestamp="20230510 23:57:31.889" level="INFO">Typing text 'Diretor de produção' into text field 'id:form-cargo'.</msg>
<status status="PASS" starttime="20230510 23:57:31.888" endtime="20230510 23:57:31.976"/>
</kw>
<kw name="Image Url" library="FakerLibrary">
<var>${Imagem}</var>
<arg>width=200</arg>
<arg>height=100</arg>
<doc>Returns URL to placeholder image
Example: http://placehold.it/640x480</doc>
<msg timestamp="20230510 23:57:31.977" level="INFO">${Imagem} = https://picsum.photos/200/100</msg>
<status status="PASS" starttime="20230510 23:57:31.977" endtime="20230510 23:57:31.978"/>
</kw>
<kw name="Input Text" library="SeleniumLibrary">
<arg>${CAMPO_IMAGEM}</arg>
<arg>${Imagem}</arg>
<doc>Types the given ``text`` into the text field identified by ``locator``.</doc>
<msg timestamp="20230510 23:57:31.978" level="INFO">Typing text 'https://picsum.photos/200/100' into text field 'id:form-imagem'.</msg>
<status status="PASS" starttime="20230510 23:57:31.978" endtime="20230510 23:57:32.065"/>
</kw>
<kw name="Click Element" library="SeleniumLibrary">
<arg>${CAMPO_TIME}</arg>
<doc>Click the element identified by ``locator``.</doc>
<msg timestamp="20230510 23:57:32.066" level="INFO">Clicking element 'class:lista-suspensa'.</msg>
<status status="PASS" starttime="20230510 23:57:32.066" endtime="20230510 23:57:32.110"/>
</kw>
<kw name="Click Element" library="SeleniumLibrary">
<arg>${selecionar_time}[0]</arg>
<doc>Click the element identified by ``locator``.</doc>
<msg timestamp="20230510 23:57:32.111" level="INFO">Clicking element '//option[contains(.,'Programação')]'.</msg>
<status status="PASS" starttime="20230510 23:57:32.111" endtime="20230510 23:57:32.137"/>
</kw>
<status status="PASS" starttime="20230510 23:57:31.820" endtime="20230510 23:57:32.138"/>
</kw>
<kw name="Click Element" library="SeleniumLibrary">
<arg>${time}</arg>
<doc>Click the element identified by ``locator``.</doc>
<msg timestamp="20230510 23:57:32.138" level="INFO">Clicking element '//option[contains(.,'UX e Design')]'.</msg>
<status status="PASS" starttime="20230510 23:57:32.138" endtime="20230510 23:57:32.164"/>
</kw>
<kw name="E clique no botão &quot;Criar Card&quot;" library="cadastro_organo">
<kw name="Click Element" library="SeleniumLibrary">
<arg>${BOTAO_CARD}</arg>
<doc>Click the element identified by ``locator``.</doc>
<msg timestamp="20230510 23:57:32.165" level="INFO">Clicking element 'id:form-botao'.</msg>
<status status="PASS" starttime="20230510 23:57:32.165" endtime="20230510 23:57:32.203"/>
</kw>
<status status="PASS" starttime="20230510 23:57:32.164" endtime="20230510 23:57:32.203"/>
</kw>
<status status="PASS" starttime="20230510 23:57:31.819" endtime="20230510 23:57:32.203"/>
</iter>
<iter>
<var name="${indice}">5</var>
<var name="${time}">//option[contains(.,'Mobile')]</var>
<kw name="Dado que eu preencha os campos do formulário" library="cadastro_organo">
<kw name="First Name" library="FakerLibrary">
<var>${Nome}</var>
<msg timestamp="20230510 23:57:32.204" level="INFO">${Nome} = Ian</msg>
<status status="PASS" starttime="20230510 23:57:32.204" endtime="20230510 23:57:32.205"/>
</kw>
<kw name="Input Text" library="SeleniumLibrary">
<arg>${CAMPO_NOME}</arg>
<arg>${Nome}</arg>
<doc>Types the given ``text`` into the text field identified by ``locator``.</doc>
<msg timestamp="20230510 23:57:32.205" level="INFO">Typing text 'Ian' into text field 'id:form-nome'.</msg>
<status status="PASS" starttime="20230510 23:57:32.205" endtime="20230510 23:57:32.266"/>
</kw>
<kw name="Job" library="FakerLibrary">
<var>${Cargo}</var>
<msg timestamp="20230510 23:57:32.267" level="INFO">${Cargo} = Engenheiro cartográfico</msg>
<status status="PASS" starttime="20230510 23:57:32.266" endtime="20230510 23:57:32.267"/>
</kw>
<kw name="Input Text" library="SeleniumLibrary">
<arg>${CAMPO_CARGO}</arg>
<arg>${Cargo}</arg>
<doc>Types the given ``text`` into the text field identified by ``locator``.</doc>
<msg timestamp="20230510 23:57:32.268" level="INFO">Typing text 'Engenheiro cartográfico' into text field 'id:form-cargo'.</msg>
<status status="PASS" starttime="20230510 23:57:32.267" endtime="20230510 23:57:32.360"/>
</kw>
<kw name="Image Url" library="FakerLibrary">
<var>${Imagem}</var>
<arg>width=200</arg>
<arg>height=100</arg>
<doc>Returns URL to placeholder image
Example: http://placehold.it/640x480</doc>
<msg timestamp="20230510 23:57:32.361" level="INFO">${Imagem} = https://dummyimage.com/200x100</msg>
<status status="PASS" starttime="20230510 23:57:32.361" endtime="20230510 23:57:32.362"/>
</kw>
<kw name="Input Text" library="SeleniumLibrary">
<arg>${CAMPO_IMAGEM}</arg>
<arg>${Imagem}</arg>
<doc>Types the given ``text`` into the text field identified by ``locator``.</doc>
<msg timestamp="20230510 23:57:32.362" level="INFO">Typing text 'https://dummyimage.com/200x100' into text field 'id:form-imagem'.</msg>
<status status="PASS" starttime="20230510 23:57:32.362" endtime="20230510 23:57:32.447"/>
</kw>
<kw name="Click Element" library="SeleniumLibrary">
<arg>${CAMPO_TIME}</arg>
<doc>Click the element identified by ``locator``.</doc>
<msg timestamp="20230510 23:57:32.448" level="INFO">Clicking element 'class:lista-suspensa'.</msg>
<status status="PASS" starttime="20230510 23:57:32.447" endtime="20230510 23:57:32.492"/>
</kw>
<kw name="Click Element" library="SeleniumLibrary">
<arg>${selecionar_time}[0]</arg>
<doc>Click the element identified by ``locator``.</doc>
<msg timestamp="20230510 23:57:32.493" level="INFO">Clicking element '//option[contains(.,'Programação')]'.</msg>
<status status="PASS" starttime="20230510 23:57:32.492" endtime="20230510 23:57:32.517"/>
</kw>
<status status="PASS" starttime="20230510 23:57:32.204" endtime="20230510 23:57:32.518"/>
</kw>
<kw name="Click Element" library="SeleniumLibrary">
<arg>${time}</arg>
<doc>Click the element identified by ``locator``.</doc>
<msg timestamp="20230510 23:57:32.518" level="INFO">Clicking element '//option[contains(.,'Mobile')]'.</msg>
<status status="PASS" starttime="20230510 23:57:32.518" endtime="20230510 23:57:32.547"/>
</kw>
<kw name="E clique no botão &quot;Criar Card&quot;" library="cadastro_organo">
<kw name="Click Element" library="SeleniumLibrary">
<arg>${BOTAO_CARD}</arg>
<doc>Click the element identified by ``locator``.</doc>
<msg timestamp="20230510 23:57:32.548" level="INFO">Clicking element 'id:form-botao'.</msg>
<status status="PASS" starttime="20230510 23:57:32.548" endtime="20230510 23:57:32.587"/>
</kw>
<status status="PASS" starttime="20230510 23:57:32.547" endtime="20230510 23:57:32.587"/>
</kw>
<status status="PASS" starttime="20230510 23:57:32.204" endtime="20230510 23:57:32.587"/>
</iter>
<iter>
<var name="${indice}">6</var>
<var name="${time}">//option[contains(.,'Inovação')]</var>
<kw name="Dado que eu preencha os campos do formulário" library="cadastro_organo">
<kw name="First Name" library="FakerLibrary">
<var>${Nome}</var>
<msg timestamp="20230510 23:57:32.588" level="INFO">${Nome} = Juan</msg>
<status status="PASS" starttime="20230510 23:57:32.588" endtime="20230510 23:57:32.588"/>
</kw>
<kw name="Input Text" library="SeleniumLibrary">
<arg>${CAMPO_NOME}</arg>
<arg>${Nome}</arg>
<doc>Types the given ``text`` into the text field identified by ``locator``.</doc>
<msg timestamp="20230510 23:57:32.589" level="INFO">Typing text 'Juan' into text field 'id:form-nome'.</msg>
<status status="PASS" starttime="20230510 23:57:32.588" endtime="20230510 23:57:32.652"/>
</kw>
<kw name="Job" library="FakerLibrary">
<var>${Cargo}</var>
<msg timestamp="20230510 23:57:32.653" level="INFO">${Cargo} = Telefonista</msg>
<status status="PASS" starttime="20230510 23:57:32.653" endtime="20230510 23:57:32.653"/>
</kw>
<kw name="Input Text" library="SeleniumLibrary">
<arg>${CAMPO_CARGO}</arg>
<arg>${Cargo}</arg>
<doc>Types the given ``text`` into the text field identified by ``locator``.</doc>
<msg timestamp="20230510 23:57:32.654" level="INFO">Typing text 'Telefonista' into text field 'id:form-cargo'.</msg>
<status status="PASS" starttime="20230510 23:57:32.653" endtime="20230510 23:57:32.724"/>
</kw>
<kw name="Image Url" library="FakerLibrary">
<var>${Imagem}</var>
<arg>width=200</arg>
<arg>height=100</arg>
<doc>Returns URL to placeholder image
Example: http://placehold.it/640x480</doc>
<msg timestamp="20230510 23:57:32.725" level="INFO">${Imagem} = https://picsum.photos/200/100</msg>
<status status="PASS" starttime="20230510 23:57:32.724" endtime="20230510 23:57:32.725"/>
</kw>
<kw name="Input Text" library="SeleniumLibrary">
<arg>${CAMPO_IMAGEM}</arg>
<arg>${Imagem}</arg>
<doc>Types the given ``text`` into the text field identified by ``locator``.</doc>
<msg timestamp="20230510 23:57:32.726" level="INFO">Typing text 'https://picsum.photos/200/100' into text field 'id:form-imagem'.</msg>
<status status="PASS" starttime="20230510 23:57:32.725" endtime="20230510 23:57:32.809"/>
</kw>
<kw name="Click Element" library="SeleniumLibrary">
<arg>${CAMPO_TIME}</arg>
<doc>Click the element identified by ``locator``.</doc>
<msg timestamp="20230510 23:57:32.810" level="INFO">Clicking element 'class:lista-suspensa'.</msg>
<status status="PASS" starttime="20230510 23:57:32.809" endtime="20230510 23:57:32.854"/>
</kw>
<kw name="Click Element" library="SeleniumLibrary">
<arg>${selecionar_time}[0]</arg>
<doc>Click the element identified by ``locator``.</doc>
<msg timestamp="20230510 23:57:32.855" level="INFO">Clicking element '//option[contains(.,'Programação')]'.</msg>
<status status="PASS" starttime="20230510 23:57:32.854" endtime="20230510 23:57:32.879"/>
</kw>
<status status="PASS" starttime="20230510 23:57:32.588" endtime="20230510 23:57:32.879"/>
</kw>
<kw name="Click Element" library="SeleniumLibrary">
<arg>${time}</arg>
<doc>Click the element identified by ``locator``.</doc>
<msg timestamp="20230510 23:57:32.880" level="INFO">Clicking element '//option[contains(.,'Inovação')]'.</msg>
<status status="PASS" starttime="20230510 23:57:32.880" endtime="20230510 23:57:32.905"/>
</kw>
<kw name="E clique no botão &quot;Criar Card&quot;" library="cadastro_organo">
<kw name="Click Element" library="SeleniumLibrary">
<arg>${BOTAO_CARD}</arg>
<doc>Click the element identified by ``locator``.</doc>
<msg timestamp="20230510 23:57:32.906" level="INFO">Clicking element 'id:form-botao'.</msg>
<status status="PASS" starttime="20230510 23:57:32.905" endtime="20230510 23:57:32.943"/>
</kw>
<status status="PASS" starttime="20230510 23:57:32.905" endtime="20230510 23:57:32.944"/>
</kw>
<status status="PASS" starttime="20230510 23:57:32.587" endtime="20230510 23:57:32.944"/>
</iter>
<status status="PASS" starttime="20230510 23:57:30.273" endtime="20230510 23:57:32.944"/>
</for>
<kw name="Sleep" library="BuiltIn">
<arg>10s</arg>
<doc>Pauses the test executed for the given time.</doc>
<msg timestamp="20230510 23:57:42.945" level="INFO">Slept 10 seconds</msg>
<status status="PASS" starttime="20230510 23:57:32.944" endtime="20230510 23:57:42.945"/>
</kw>
<status status="PASS" starttime="20230510 23:57:30.272" endtime="20230510 23:57:42.945"/>
</kw>
<kw name="Fechar o navegador" library="setup_teardown" type="TEARDOWN">
<kw name="Close Browser" library="SeleniumLibrary">
<doc>Closes the current browser.</doc>
<status status="PASS" starttime="20230510 23:57:42.946" endtime="20230510 23:57:44.999"/>
</kw>
<status status="PASS" starttime="20230510 23:57:42.946" endtime="20230510 23:57:45.000"/>
</kw>
<status status="PASS" starttime="20230510 23:57:28.176" endtime="20230510 23:57:45.001"/>
</test>
<status status="PASS" starttime="20230510 23:57:08.091" endtime="20230510 23:57:45.004"/>
</suite>
<statistics>
<total>
<stat pass="3" fail="0" skip="0">All Tests</stat>
</total>
<tag>
</tag>
<suite>
<stat pass="3" fail="0" skip="0" id="s1" name="Preenchimento Correto">Preenchimento Correto</stat>
</suite>
</statistics>
<errors>
</errors>
</robot>
