<?xml version="1.0" encoding="UTF-8"?>
<robot generator="Robot 6.0.2 (Python 3.11.3 on win32)" generated="20230509 23:28:10.161" rpa="false" schemaversion="3">
<suite id="s1" name="Primeiro-Teste" source="C:\Users\leona\OneDrive\Área de Trabalho\Curso-Robot\primeiro-teste.robot">
<test id="s1-t1" name="Abrir Navegador e acessar o site do organo" line="5">
<kw name="Open Browser" library="SeleniumLibrary">
<arg>url=http://localhost:3000/</arg>
<arg>browser=Chrome</arg>
<doc>Opens a new browser instance to the optional ``url``.</doc>
<msg timestamp="20230509 23:28:10.399" level="INFO">Opening browser 'Chrome' to base url 'http://localhost:3000/'.</msg>
<status status="PASS" starttime="20230509 23:28:10.399" endtime="20230509 23:28:12.123"/>
</kw>
<status status="PASS" starttime="20230509 23:28:10.398" endtime="20230509 23:28:12.123"/>
</test>
<test id="s1-t2" name="Preencher os campos do formulário" line="8">
<kw name="Input Text" library="SeleniumLibrary">
<arg>id:form-nome</arg>
<arg>Leonardo</arg>
<doc>Types the given ``text`` into the text field identified by ``locator``.</doc>
<msg timestamp="20230509 23:28:12.126" level="INFO">Typing text 'Leonardo' into text field 'id:form-nome'.</msg>
<status status="PASS" starttime="20230509 23:28:12.125" endtime="20230509 23:28:12.294"/>
</kw>
<kw name="Input Text" library="SeleniumLibrary">
<arg>id:form-cargo</arg>
<arg>programador</arg>
<doc>Types the given ``text`` into the text field identified by ``locator``.</doc>
<msg timestamp="20230509 23:28:12.295" level="INFO">Typing text 'programador' into text field 'id:form-cargo'.</msg>
<status status="PASS" starttime="20230509 23:28:12.295" endtime="20230509 23:28:12.427"/>
</kw>
<kw name="Input Text" library="SeleniumLibrary">
<arg>id:form-imagem</arg>
<arg>https://picsum.photos/200/300</arg>
<doc>Types the given ``text`` into the text field identified by ``locator``.</doc>
<msg timestamp="20230509 23:28:12.429" level="INFO">Typing text 'https://picsum.photos/200/300' into text field 'id:form-imagem'.</msg>
<status status="PASS" starttime="20230509 23:28:12.427" endtime="20230509 23:28:12.537"/>
</kw>
<kw name="Click Element" library="SeleniumLibrary">
<arg>class:lista-suspensa</arg>
<doc>Click the element identified by ``locator``.</doc>
<msg timestamp="20230509 23:28:12.538" level="INFO">Clicking element 'class:lista-suspensa'.</msg>
<status status="PASS" starttime="20230509 23:28:12.537" endtime="20230509 23:28:12.595"/>
</kw>
<kw name="Click Element" library="SeleniumLibrary">
<arg>//option[contains(.,'Programação')]</arg>
<doc>Click the element identified by ``locator``.</doc>
<msg timestamp="20230509 23:28:12.596" level="INFO">Clicking element '//option[contains(.,'Programação')]'.</msg>
<status status="PASS" starttime="20230509 23:28:12.595" endtime="20230509 23:28:12.631"/>
</kw>
<kw name="Sleep" library="BuiltIn">
<arg>10s</arg>
<doc>Pauses the test executed for the given time.</doc>
<msg timestamp="20230509 23:28:22.632" level="INFO">Slept 10 seconds</msg>
<status status="PASS" starttime="20230509 23:28:12.631" endtime="20230509 23:28:22.632"/>
</kw>
<kw name="Click Element" library="SeleniumLibrary">
<arg>form-botao</arg>
<doc>Click the element identified by ``locator``.</doc>
<msg timestamp="20230509 23:28:22.633" level="INFO">Clicking element 'form-botao'.</msg>
<status status="PASS" starttime="20230509 23:28:22.632" endtime="20230509 23:28:22.681"/>
</kw>
<kw name="Element Should Be Visible" library="SeleniumLibrary">
<arg>class:colaborador</arg>
<doc>Verifies that the element identified by ``locator`` is visible.</doc>
<msg timestamp="20230509 23:28:22.708" level="INFO">Element 'class:colaborador' is displayed.</msg>
<status status="PASS" starttime="20230509 23:28:22.682" endtime="20230509 23:28:22.708"/>
</kw>
<kw name="Sleep" library="BuiltIn">
<arg>5s</arg>
<doc>Pauses the test executed for the given time.</doc>
<msg timestamp="20230509 23:28:27.709" level="INFO">Slept 5 seconds</msg>
<status status="PASS" starttime="20230509 23:28:22.709" endtime="20230509 23:28:27.709"/>
</kw>
<status status="PASS" starttime="20230509 23:28:12.124" endtime="20230509 23:28:27.709"/>
</test>
<status status="PASS" starttime="20230509 23:28:10.163" endtime="20230509 23:28:27.711"/>
</suite>
<statistics>
<total>
<stat pass="2" fail="0" skip="0">All Tests</stat>
</total>
<tag>
</tag>
<suite>
<stat pass="2" fail="0" skip="0" id="s1" name="Primeiro-Teste">Primeiro-Teste</stat>
</suite>
</statistics>
<errors>
</errors>
</robot>
